<?xml version="1.0" encoding="UTF-8"?>
<!-- Generated by org.testng.reporters.JUnitXMLReporter -->
<testsuite hostname="alexeya" ignored="6" name="Surefire test" tests="1" failures="0" timestamp="20 апр 2018 15:03:10 GMT" time="0.052" errors="0">
  <testcase name="@BeforeTest setupTest" time="0.0" classname="pageObj.TestCreating">
    <failure type="java.lang.NoSuchMethodError" message="io.github.bonigarcia.wdm.FirefoxDriverManager.getInstance()Lio/github/bonigarcia/wdm/BrowserManager;">
      <![CDATA[java.lang.NoSuchMethodError: io.github.bonigarcia.wdm.FirefoxDriverManager.getInstance()Lio/github/bonigarcia/wdm/BrowserManager;
	at com.codeborne.selenide.webdriver.WebDriverBinaryManager.setupBinaryPath(WebDriverBinaryManager.java:21)
	at com.codeborne.selenide.webdriver.WebDriverFactory.createWebDriver(WebDriverFactory.java:45)
	at com.codeborne.selenide.impl.WebDriverThreadLocalContainer.createDriver(WebDriverThreadLocalContainer.java:227)
	at com.codeborne.selenide.impl.WebDriverThreadLocalContainer.getAndCheckWebDriver(WebDriverThreadLocalContainer.java:111)
	at com.codeborne.selenide.WebDriverRunner.getAndCheckWebDriver(WebDriverRunner.java:135)
	at com.codeborne.selenide.impl.Navigator.navigateToAbsoluteUrl(Navigator.java:66)
	at com.codeborne.selenide.impl.Navigator.open(Navigator.java:30)
	at com.codeborne.selenide.Selenide.open(Selenide.java:79)
	at com.codeborne.selenide.Selenide.open(Selenide.java:53)
	at helping.HelpMeth.openPage(HelpMeth.java:15)
	at pageObj.TestCreating.setupTest(TestCreating.java:38)
... Removed 28 stack frames]]>
    </failure>
  </testcase> <!-- @BeforeTest setupTest -->
  <testcase name="@BeforeClass setupTest" time="0.0" classname="pageObj.TestCreating">
    <skipped/>
  </testcase> <!-- @BeforeClass setupTest -->
  <testcase name="@AfterTest tearDown" time="0.0" classname="pageObj.TestCreating">
    <skipped/>
  </testcase> <!-- @AfterTest tearDown -->
  <testcase name="createUzal" time="0.0" classname="pageObj.TestCreating">
    <skipped/>
  </testcase> <!-- createUzal -->
  <testcase name="createPereTov" time="0.0" classname="pageObj.TestCreating">
    <ignored/>
  </testcase> <!-- createPereTov -->
  <testcase name="createKschfMax" time="0.0" classname="pageObj.TestCreating">
    <ignored/>
  </testcase> <!-- createKschfMax -->
  <testcase name="createKschfMin" time="0.0" classname="pageObj.TestCreating">
    <ignored/>
  </testcase> <!-- createKschfMin -->
  <testcase name="createPereRab" time="0.0" classname="pageObj.TestCreating">
    <ignored/>
  </testcase> <!-- createPereRab -->
  <testcase name="createSChfMax" time="0.0" classname="pageObj.TestCreating">
    <ignored/>
  </testcase> <!-- createSChfMax -->
  <testcase name="createSChfMin" time="0.0" classname="pageObj.TestCreating">
    <ignored/>
  </testcase> <!-- createSChfMin -->
</testsuite> <!-- Surefire test -->
