<?xml version="1.0" encoding="UTF-8"?>
<!-- Generated by org.testng.reporters.JUnitXMLReporter -->
<testsuite hostname="alexeya" ignored="6" name="Surefire test" tests="1" failures="0" timestamp="23 апр 2018 12:56:05 GMT" time="12.39" errors="0">
  <testcase name="createUzal" time="3.64" classname="pageObj.TestCreating"/>
  <testcase name="createKschfMax" time="0.0" classname="pageObj.TestCreating">
    <ignored/>
  </testcase> <!-- createKschfMax -->
  <testcase name="createPereTov" time="0.0" classname="pageObj.TestCreating">
    <ignored/>
  </testcase> <!-- createPereTov -->
  <testcase name="createKschfMin" time="0.0" classname="pageObj.TestCreating">
    <ignored/>
  </testcase> <!-- createKschfMin -->
  <testcase name="createPereRab" time="0.0" classname="pageObj.TestCreating">
    <ignored/>
  </testcase> <!-- createPereRab -->
  <testcase name="createSChfMax" time="0.0" classname="pageObj.TestCreating">
    <ignored/>
  </testcase> <!-- createSChfMax -->
  <testcase name="createSChfMin" time="0.0" classname="pageObj.TestCreating">
    <ignored/>
  </testcase> <!-- createSChfMin -->
</testsuite> <!-- Surefire test -->
