<?xml version="1.0" encoding="UTF-8"?>
<testng-results skipped="0" failed="0" ignored="6" total="7" passed="1">
  <reporter-output>
  </reporter-output>
  <suite name="Surefire suite" duration-ms="12390" started-at="2018-04-23T12:55:52Z" finished-at="2018-04-23T12:56:05Z">
    <groups>
    </groups>
    <test name="Surefire test" duration-ms="12390" started-at="2018-04-23T12:55:52Z" finished-at="2018-04-23T12:56:05Z">
      <class name="pageObj.TestCreating">
        <test-method status="PASS" signature="setupTest()[pri:0, instance:pageObj.TestCreating@1a407d53]" name="setupTest" is-config="true" duration-ms="8039" started-at="2018-04-23T15:55:52Z" finished-at="2018-04-23T15:56:00Z">
          <reporter-output>
          </reporter-output>
        </test-method> <!-- setupTest -->
        <test-method status="PASS" signature="createUzal()[pri:0, instance:pageObj.TestCreating@1a407d53]" name="createUzal" duration-ms="3640" started-at="2018-04-23T15:56:00Z" finished-at="2018-04-23T15:56:04Z">
          <reporter-output>
          </reporter-output>
        </test-method> <!-- createUzal -->
        <test-method status="PASS" signature="tearDown()[pri:0, instance:pageObj.TestCreating@1a407d53]" name="tearDown" is-config="true" duration-ms="701" started-at="2018-04-23T15:56:04Z" finished-at="2018-04-23T15:56:05Z">
          <reporter-output>
          </reporter-output>
        </test-method> <!-- tearDown -->
      </class> <!-- pageObj.TestCreating -->
    </test> <!-- Surefire test -->
  </suite> <!-- Surefire suite -->
</testng-results>
