<?xml version="1.0" encoding="UTF-8"?>
<testng-results skipped="1" failed="0" ignored="6" total="7" passed="0">
  <reporter-output>
  </reporter-output>
  <suite name="Surefire suite" duration-ms="52" started-at="2018-04-20T15:03:10Z" finished-at="2018-04-20T15:03:10Z">
    <groups>
    </groups>
    <test name="Surefire test" duration-ms="52" started-at="2018-04-20T15:03:10Z" finished-at="2018-04-20T15:03:10Z">
      <class name="pageObj.TestCreating">
        <test-method status="FAIL" signature="setupTest()[pri:0, instance:pageObj.TestCreating@3d8c7aca]" name="setupTest" is-config="true" duration-ms="0" started-at="2018-04-20T18:03:10Z" finished-at="2018-04-20T18:03:10Z">
          <exception class="java.lang.NoSuchMethodError">
            <message>
              <![CDATA[io.github.bonigarcia.wdm.FirefoxDriverManager.getInstance()Lio/github/bonigarcia/wdm/BrowserManager;]]>
            </message>
            <full-stacktrace>
              <![CDATA[java.lang.NoSuchMethodError: io.github.bonigarcia.wdm.FirefoxDriverManager.getInstance()Lio/github/bonigarcia/wdm/BrowserManager;
	at com.codeborne.selenide.webdriver.WebDriverBinaryManager.setupBinaryPath(WebDriverBinaryManager.java:21)
	at com.codeborne.selenide.webdriver.WebDriverFactory.createWebDriver(WebDriverFactory.java:45)
	at com.codeborne.selenide.impl.WebDriverThreadLocalContainer.createDriver(WebDriverThreadLocalContainer.java:227)
	at com.codeborne.selenide.impl.WebDriverThreadLocalContainer.getAndCheckWebDriver(WebDriverThreadLocalContainer.java:111)
	at com.codeborne.selenide.WebDriverRunner.getAndCheckWebDriver(WebDriverRunner.java:135)
	at com.codeborne.selenide.impl.Navigator.navigateToAbsoluteUrl(Navigator.java:66)
	at com.codeborne.selenide.impl.Navigator.open(Navigator.java:30)
	at com.codeborne.selenide.Selenide.open(Selenide.java:79)
	at com.codeborne.selenide.Selenide.open(Selenide.java:53)
	at helping.HelpMeth.openPage(HelpMeth.java:15)
	at pageObj.TestCreating.setupTest(TestCreating.java:38)
	at sun.reflect.NativeMethodAccessorImpl.invoke0(Native Method)
	at sun.reflect.NativeMethodAccessorImpl.invoke(NativeMethodAccessorImpl.java:62)
	at sun.reflect.DelegatingMethodAccessorImpl.invoke(DelegatingMethodAccessorImpl.java:43)
	at java.lang.reflect.Method.invoke(Method.java:498)
	at org.testng.internal.MethodInvocationHelper.invokeMethod(MethodInvocationHelper.java:104)
	at org.testng.internal.Invoker.invokeConfigurationMethod(Invoker.java:515)
	at org.testng.internal.Invoker.invokeConfigurations(Invoker.java:217)
	at org.testng.internal.Invoker.invokeConfigurations(Invoker.java:144)
	at org.testng.TestRunner.beforeRun(TestRunner.java:634)
	at org.testng.TestRunner.run(TestRunner.java:602)
	at org.testng.SuiteRunner.runTest(SuiteRunner.java:387)
	at org.testng.SuiteRunner.runSequentially(SuiteRunner.java:382)
	at org.testng.SuiteRunner.privateRun(SuiteRunner.java:340)
	at org.testng.SuiteRunner.run(SuiteRunner.java:289)
	at org.testng.SuiteRunnerWorker.runSuite(SuiteRunnerWorker.java:52)
	at org.testng.SuiteRunnerWorker.run(SuiteRunnerWorker.java:86)
	at org.testng.TestNG.runSuitesSequentially(TestNG.java:1293)
	at org.testng.TestNG.runSuitesLocally(TestNG.java:1218)
	at org.testng.TestNG.runSuites(TestNG.java:1133)
	at org.testng.TestNG.run(TestNG.java:1104)
	at org.apache.maven.surefire.testng.TestNGExecutor.run(TestNGExecutor.java:135)
	at org.apache.maven.surefire.testng.TestNGDirectoryTestSuite.executeSingleClass(TestNGDirectoryTestSuite.java:112)
	at org.apache.maven.surefire.testng.TestNGDirectoryTestSuite.execute(TestNGDirectoryTestSuite.java:99)
	at org.apache.maven.surefire.testng.TestNGProvider.invoke(TestNGProvider.java:146)
	at org.apache.maven.surefire.booter.ForkedBooter.invokeProviderInSameClassLoader(ForkedBooter.java:373)
	at org.apache.maven.surefire.booter.ForkedBooter.runSuitesInProcess(ForkedBooter.java:334)
	at org.apache.maven.surefire.booter.ForkedBooter.execute(ForkedBooter.java:119)
	at org.apache.maven.surefire.booter.ForkedBooter.main(ForkedBooter.java:407)
]]>
            </full-stacktrace>
          </exception> <!-- java.lang.NoSuchMethodError -->
          <reporter-output>
          </reporter-output>
        </test-method> <!-- setupTest -->
        <test-method status="SKIP" signature="setupTest()[pri:0, instance:pageObj.TestCreating@3d8c7aca]" name="setupTest" is-config="true" duration-ms="0" started-at="2018-04-20T18:03:10Z" finished-at="2018-04-20T18:03:10Z">
          <reporter-output>
          </reporter-output>
        </test-method> <!-- setupTest -->
        <test-method status="SKIP" signature="createUzal()[pri:0, instance:pageObj.TestCreating@3d8c7aca]" name="createUzal" duration-ms="0" started-at="2018-04-20T18:03:10Z" finished-at="2018-04-20T18:03:10Z">
          <exception class="java.lang.NoSuchMethodError">
            <message>
              <![CDATA[io.github.bonigarcia.wdm.FirefoxDriverManager.getInstance()Lio/github/bonigarcia/wdm/BrowserManager;]]>
            </message>
            <full-stacktrace>
              <![CDATA[java.lang.NoSuchMethodError: io.github.bonigarcia.wdm.FirefoxDriverManager.getInstance()Lio/github/bonigarcia/wdm/BrowserManager;
	at com.codeborne.selenide.webdriver.WebDriverBinaryManager.setupBinaryPath(WebDriverBinaryManager.java:21)
	at com.codeborne.selenide.webdriver.WebDriverFactory.createWebDriver(WebDriverFactory.java:45)
	at com.codeborne.selenide.impl.WebDriverThreadLocalContainer.createDriver(WebDriverThreadLocalContainer.java:227)
	at com.codeborne.selenide.impl.WebDriverThreadLocalContainer.getAndCheckWebDriver(WebDriverThreadLocalContainer.java:111)
	at com.codeborne.selenide.WebDriverRunner.getAndCheckWebDriver(WebDriverRunner.java:135)
	at com.codeborne.selenide.impl.Navigator.navigateToAbsoluteUrl(Navigator.java:66)
	at com.codeborne.selenide.impl.Navigator.open(Navigator.java:30)
	at com.codeborne.selenide.Selenide.open(Selenide.java:79)
	at com.codeborne.selenide.Selenide.open(Selenide.java:53)
	at helping.HelpMeth.openPage(HelpMeth.java:15)
	at pageObj.TestCreating.setupTest(TestCreating.java:38)
	at sun.reflect.NativeMethodAccessorImpl.invoke0(Native Method)
	at sun.reflect.NativeMethodAccessorImpl.invoke(NativeMethodAccessorImpl.java:62)
	at sun.reflect.DelegatingMethodAccessorImpl.invoke(DelegatingMethodAccessorImpl.java:43)
	at java.lang.reflect.Method.invoke(Method.java:498)
	at org.testng.internal.MethodInvocationHelper.invokeMethod(MethodInvocationHelper.java:104)
	at org.testng.internal.Invoker.invokeConfigurationMethod(Invoker.java:515)
	at org.testng.internal.Invoker.invokeConfigurations(Invoker.java:217)
	at org.testng.internal.Invoker.invokeConfigurations(Invoker.java:144)
	at org.testng.TestRunner.beforeRun(TestRunner.java:634)
	at org.testng.TestRunner.run(TestRunner.java:602)
	at org.testng.SuiteRunner.runTest(SuiteRunner.java:387)
	at org.testng.SuiteRunner.runSequentially(SuiteRunner.java:382)
	at org.testng.SuiteRunner.privateRun(SuiteRunner.java:340)
	at org.testng.SuiteRunner.run(SuiteRunner.java:289)
	at org.testng.SuiteRunnerWorker.runSuite(SuiteRunnerWorker.java:52)
	at org.testng.SuiteRunnerWorker.run(SuiteRunnerWorker.java:86)
	at org.testng.TestNG.runSuitesSequentially(TestNG.java:1293)
	at org.testng.TestNG.runSuitesLocally(TestNG.java:1218)
	at org.testng.TestNG.runSuites(TestNG.java:1133)
	at org.testng.TestNG.run(TestNG.java:1104)
	at org.apache.maven.surefire.testng.TestNGExecutor.run(TestNGExecutor.java:135)
	at org.apache.maven.surefire.testng.TestNGDirectoryTestSuite.executeSingleClass(TestNGDirectoryTestSuite.java:112)
	at org.apache.maven.surefire.testng.TestNGDirectoryTestSuite.execute(TestNGDirectoryTestSuite.java:99)
	at org.apache.maven.surefire.testng.TestNGProvider.invoke(TestNGProvider.java:146)
	at org.apache.maven.surefire.booter.ForkedBooter.invokeProviderInSameClassLoader(ForkedBooter.java:373)
	at org.apache.maven.surefire.booter.ForkedBooter.runSuitesInProcess(ForkedBooter.java:334)
	at org.apache.maven.surefire.booter.ForkedBooter.execute(ForkedBooter.java:119)
	at org.apache.maven.surefire.booter.ForkedBooter.main(ForkedBooter.java:407)
]]>
            </full-stacktrace>
          </exception> <!-- java.lang.NoSuchMethodError -->
          <reporter-output>
          </reporter-output>
        </test-method> <!-- createUzal -->
        <test-method status="SKIP" signature="tearDown()[pri:0, instance:pageObj.TestCreating@3d8c7aca]" name="tearDown" is-config="true" duration-ms="0" started-at="2018-04-20T18:03:10Z" finished-at="2018-04-20T18:03:10Z">
          <reporter-output>
          </reporter-output>
        </test-method> <!-- tearDown -->
      </class> <!-- pageObj.TestCreating -->
    </test> <!-- Surefire test -->
  </suite> <!-- Surefire suite -->
</testng-results>
